running egg_info
writing ../../build/diablo_env_ros/diablo_env_ros.egg-info/PKG-INFO
writing dependency_links to ../../build/diablo_env_ros/diablo_env_ros.egg-info/dependency_links.txt
writing requirements to ../../build/diablo_env_ros/diablo_env_ros.egg-info/requires.txt
writing top-level names to ../../build/diablo_env_ros/diablo_env_ros.egg-info/top_level.txt
reading manifest file '../../build/diablo_env_ros/diablo_env_ros.egg-info/SOURCES.txt'
writing manifest file '../../build/diablo_env_ros/diablo_env_ros.egg-info/SOURCES.txt'
running build
running build_py
running install
running install_lib
running install_data
creating /home/basanta-joshi/Desktop/virtual_environment/diablo_env_ros/install/diablo_env_ros/share/diablo_env_ros/launch
copying launch/check_urdf.launch.py -> /home/basanta-joshi/Desktop/virtual_environment/diablo_env_ros/install/diablo_env_ros/share/diablo_env_ros/launch
creating /home/basanta-joshi/Desktop/virtual_environment/diablo_env_ros/install/diablo_env_ros/share/diablo_env_ros/urdf
copying urdf/robot_with_tower.urdf -> /home/basanta-joshi/Desktop/virtual_environment/diablo_env_ros/install/diablo_env_ros/share/diablo_env_ros/urdf
copying urdf/robot.urdf -> /home/basanta-joshi/Desktop/virtual_environment/diablo_env_ros/install/diablo_env_ros/share/diablo_env_ros/urdf
copying urdf/display.xacro -> /home/basanta-joshi/Desktop/virtual_environment/diablo_env_ros/install/diablo_env_ros/share/diablo_env_ros/urdf
copying urdf/ros2control.xacro -> /home/basanta-joshi/Desktop/virtual_environment/diablo_env_ros/install/diablo_env_ros/share/diablo_env_ros/urdf
copying urdf/description.xacro -> /home/basanta-joshi/Desktop/virtual_environment/diablo_env_ros/install/diablo_env_ros/share/diablo_env_ros/urdf
copying urdf/materials.xacro -> /home/basanta-joshi/Desktop/virtual_environment/diablo_env_ros/install/diablo_env_ros/share/diablo_env_ros/urdf
copying urdf/robot.xacro -> /home/basanta-joshi/Desktop/virtual_environment/diablo_env_ros/install/diablo_env_ros/share/diablo_env_ros/urdf
creating /home/basanta-joshi/Desktop/virtual_environment/diablo_env_ros/install/diablo_env_ros/share/diablo_env_ros/meshes
copying meshes/left_leg_2.STL -> /home/basanta-joshi/Desktop/virtual_environment/diablo_env_ros/install/diablo_env_ros/share/diablo_env_ros/meshes
copying meshes/left_leg_4.STL -> /home/basanta-joshi/Desktop/virtual_environment/diablo_env_ros/install/diablo_env_ros/share/diablo_env_ros/meshes
copying meshes/left_leg_1.STL -> /home/basanta-joshi/Desktop/virtual_environment/diablo_env_ros/install/diablo_env_ros/share/diablo_env_ros/meshes
copying meshes/right_leg_4.STL -> /home/basanta-joshi/Desktop/virtual_environment/diablo_env_ros/install/diablo_env_ros/share/diablo_env_ros/meshes
copying meshes/right_leg_3.STL -> /home/basanta-joshi/Desktop/virtual_environment/diablo_env_ros/install/diablo_env_ros/share/diablo_env_ros/meshes
copying meshes/right_leg_1.STL -> /home/basanta-joshi/Desktop/virtual_environment/diablo_env_ros/install/diablo_env_ros/share/diablo_env_ros/meshes
copying meshes/left_leg_3.STL -> /home/basanta-joshi/Desktop/virtual_environment/diablo_env_ros/install/diablo_env_ros/share/diablo_env_ros/meshes
copying meshes/base_link.STL -> /home/basanta-joshi/Desktop/virtual_environment/diablo_env_ros/install/diablo_env_ros/share/diablo_env_ros/meshes
copying meshes/right_leg_2.STL -> /home/basanta-joshi/Desktop/virtual_environment/diablo_env_ros/install/diablo_env_ros/share/diablo_env_ros/meshes
creating /home/basanta-joshi/Desktop/virtual_environment/diablo_env_ros/install/diablo_env_ros/share/diablo_env_ros/rviz
creating /home/basanta-joshi/Desktop/virtual_environment/diablo_env_ros/install/diablo_env_ros/share/diablo_env_ros/config
creating /home/basanta-joshi/Desktop/virtual_environment/diablo_env_ros/install/diablo_env_ros/share/diablo_env_ros/worlds
running install_egg_info
Copying ../../build/diablo_env_ros/diablo_env_ros.egg-info to /home/basanta-joshi/Desktop/virtual_environment/diablo_env_ros/install/diablo_env_ros/lib/python3.12/site-packages/diablo_env_ros-0.0.1-py3.12.egg-info
running install_scripts
writing list of installed files to '/home/basanta-joshi/Desktop/virtual_environment/diablo_env_ros/build/diablo_env_ros/install.log'
