[0.514s] Invoking command in '/home/basanta-joshi/Desktop/virtual_environment/diablo_env_ros/src/diablo_env_ros': DEBUGINFOD_URLS=https://debuginfod.ubuntu.com PYTHONPATH=/home/basanta-joshi/Desktop/virtual_environment/diablo_env_ros/build/diablo_env_ros/prefix_override:/usr/lib/python3/dist-packages/colcon_core/task/python/colcon_distutils_commands:/home/basanta-joshi/Desktop/virtual_environment/diablo_env_ros/install/diablo_env_ros/lib/python3.12/site-packages:${PYTHONPATH} VIRTUAL_ENV_PROMPT=(myenv) /usr/bin/python3 -W ignore:setup.py install is deprecated -W ignore:easy_install command is deprecated setup.py egg_info --egg-base ../../build/diablo_env_ros build --build-base /home/basanta-joshi/Desktop/virtual_environment/diablo_env_ros/build/diablo_env_ros/build install --record /home/basanta-joshi/Desktop/virtual_environment/diablo_env_ros/build/diablo_env_ros/install.log --single-version-externally-managed install_data
[0.685s] running egg_info
[0.696s] writing ../../build/diablo_env_ros/diablo_env_ros.egg-info/PKG-INFO
[0.696s] writing dependency_links to ../../build/diablo_env_ros/diablo_env_ros.egg-info/dependency_links.txt
[0.696s] writing requirements to ../../build/diablo_env_ros/diablo_env_ros.egg-info/requires.txt
[0.696s] writing top-level names to ../../build/diablo_env_ros/diablo_env_ros.egg-info/top_level.txt
[0.719s] reading manifest file '../../build/diablo_env_ros/diablo_env_ros.egg-info/SOURCES.txt'
[0.719s] writing manifest file '../../build/diablo_env_ros/diablo_env_ros.egg-info/SOURCES.txt'
[0.719s] running build
[0.720s] running build_py
[0.720s] running install
[0.724s] running install_lib
[0.736s] running install_data
[0.736s] copying launch/check_urdf.launch.py -> /home/basanta-joshi/Desktop/virtual_environment/diablo_env_ros/install/diablo_env_ros/share/diablo_env_ros/launch
[0.736s] running install_egg_info
[0.748s] removing '/home/basanta-joshi/Desktop/virtual_environment/diablo_env_ros/install/diablo_env_ros/lib/python3.12/site-packages/diablo_env_ros-0.0.1-py3.12.egg-info' (and everything under it)
[0.748s] Copying ../../build/diablo_env_ros/diablo_env_ros.egg-info to /home/basanta-joshi/Desktop/virtual_environment/diablo_env_ros/install/diablo_env_ros/lib/python3.12/site-packages/diablo_env_ros-0.0.1-py3.12.egg-info
[0.749s] running install_scripts
[0.829s] writing list of installed files to '/home/basanta-joshi/Desktop/virtual_environment/diablo_env_ros/build/diablo_env_ros/install.log'
[0.845s] Invoked command in '/home/basanta-joshi/Desktop/virtual_environment/diablo_env_ros/src/diablo_env_ros' returned '0': DEBUGINFOD_URLS=https://debuginfod.ubuntu.com PYTHONPATH=/home/basanta-joshi/Desktop/virtual_environment/diablo_env_ros/build/diablo_env_ros/prefix_override:/usr/lib/python3/dist-packages/colcon_core/task/python/colcon_distutils_commands:/home/basanta-joshi/Desktop/virtual_environment/diablo_env_ros/install/diablo_env_ros/lib/python3.12/site-packages:${PYTHONPATH} VIRTUAL_ENV_PROMPT=(myenv) /usr/bin/python3 -W ignore:setup.py install is deprecated -W ignore:easy_install command is deprecated setup.py egg_info --egg-base ../../build/diablo_env_ros build --build-base /home/basanta-joshi/Desktop/virtual_environment/diablo_env_ros/build/diablo_env_ros/build install --record /home/basanta-joshi/Desktop/virtual_environment/diablo_env_ros/build/diablo_env_ros/install.log --single-version-externally-managed install_data
