running egg_info
creating ../../build/diablo_env_ros/diablo_env_ros.egg-info
writing ../../build/diablo_env_ros/diablo_env_ros.egg-info/PKG-INFO
writing dependency_links to ../../build/diablo_env_ros/diablo_env_ros.egg-info/dependency_links.txt
writing requirements to ../../build/diablo_env_ros/diablo_env_ros.egg-info/requires.txt
writing top-level names to ../../build/diablo_env_ros/diablo_env_ros.egg-info/top_level.txt
writing manifest file '../../build/diablo_env_ros/diablo_env_ros.egg-info/SOURCES.txt'
reading manifest file '../../build/diablo_env_ros/diablo_env_ros.egg-info/SOURCES.txt'
writing manifest file '../../build/diablo_env_ros/diablo_env_ros.egg-info/SOURCES.txt'
running build
running build_py
creating /home/basanta-joshi/Desktop/virtual_environment/diablo_env_ros/build/diablo_env_ros/build
creating /home/basanta-joshi/Desktop/virtual_environment/diablo_env_ros/build/diablo_env_ros/build/lib
creating /home/basanta-joshi/Desktop/virtual_environment/diablo_env_ros/build/diablo_env_ros/build/lib/diablo_env_ros
copying diablo_env_ros/__init__.py -> /home/basanta-joshi/Desktop/virtual_environment/diablo_env_ros/build/diablo_env_ros/build/lib/diablo_env_ros
running install
running install_lib
creating /home/basanta-joshi/Desktop/virtual_environment/diablo_env_ros/install/diablo_env_ros/lib/python3.12/site-packages/diablo_env_ros
copying /home/basanta-joshi/Desktop/virtual_environment/diablo_env_ros/build/diablo_env_ros/build/lib/diablo_env_ros/__init__.py -> /home/basanta-joshi/Desktop/virtual_environment/diablo_env_ros/install/diablo_env_ros/lib/python3.12/site-packages/diablo_env_ros
byte-compiling /home/basanta-joshi/Desktop/virtual_environment/diablo_env_ros/install/diablo_env_ros/lib/python3.12/site-packages/diablo_env_ros/__init__.py to __init__.cpython-312.pyc
running install_data
creating /home/basanta-joshi/Desktop/virtual_environment/diablo_env_ros/install/diablo_env_ros/share/ament_index
creating /home/basanta-joshi/Desktop/virtual_environment/diablo_env_ros/install/diablo_env_ros/share/ament_index/resource_index
creating /home/basanta-joshi/Desktop/virtual_environment/diablo_env_ros/install/diablo_env_ros/share/ament_index/resource_index/packages
copying resource/diablo_env_ros -> /home/basanta-joshi/Desktop/virtual_environment/diablo_env_ros/install/diablo_env_ros/share/ament_index/resource_index/packages
copying package.xml -> /home/basanta-joshi/Desktop/virtual_environment/diablo_env_ros/install/diablo_env_ros/share/diablo_env_ros
running install_egg_info
Copying ../../build/diablo_env_ros/diablo_env_ros.egg-info to /home/basanta-joshi/Desktop/virtual_environment/diablo_env_ros/install/diablo_env_ros/lib/python3.12/site-packages/diablo_env_ros-0.0.0-py3.12.egg-info
running install_scripts
writing list of installed files to '/home/basanta-joshi/Desktop/virtual_environment/diablo_env_ros/build/diablo_env_ros/install.log'
