[1.273s] Invoking command in '/home/basanta-joshi/Desktop/virtual_environment/diablo_env_ros/src/diablo_env_ros': DEBUGINFOD_URLS=https://debuginfod.ubuntu.com PYTHONPATH=/home/basanta-joshi/Desktop/virtual_environment/diablo_env_ros/build/diablo_env_ros/prefix_override:/usr/lib/python3/dist-packages/colcon_core/task/python/colcon_distutils_commands:/home/basanta-joshi/Desktop/virtual_environment/diablo_env_ros/install/diablo_env_ros/lib/python3.12/site-packages:${PYTHONPATH} VIRTUAL_ENV_PROMPT=(myenv) /usr/bin/python3 -W ignore:setup.py install is deprecated -W ignore:easy_install command is deprecated setup.py egg_info --egg-base ../../build/diablo_env_ros build --build-base /home/basanta-joshi/Desktop/virtual_environment/diablo_env_ros/build/diablo_env_ros/build install --record /home/basanta-joshi/Desktop/virtual_environment/diablo_env_ros/build/diablo_env_ros/install.log --single-version-externally-managed install_data
[1.662s] running egg_info
[1.662s] creating ../../build/diablo_env_ros/diablo_env_ros.egg-info
[1.687s] writing ../../build/diablo_env_ros/diablo_env_ros.egg-info/PKG-INFO
[1.688s] writing dependency_links to ../../build/diablo_env_ros/diablo_env_ros.egg-info/dependency_links.txt
[1.688s] writing requirements to ../../build/diablo_env_ros/diablo_env_ros.egg-info/requires.txt
[1.688s] writing top-level names to ../../build/diablo_env_ros/diablo_env_ros.egg-info/top_level.txt
[1.688s] writing manifest file '../../build/diablo_env_ros/diablo_env_ros.egg-info/SOURCES.txt'
[1.752s] reading manifest file '../../build/diablo_env_ros/diablo_env_ros.egg-info/SOURCES.txt'
[1.753s] writing manifest file '../../build/diablo_env_ros/diablo_env_ros.egg-info/SOURCES.txt'
[1.753s] running build
[1.754s] running build_py
[1.754s] creating /home/basanta-joshi/Desktop/virtual_environment/diablo_env_ros/build/diablo_env_ros/build
[1.754s] creating /home/basanta-joshi/Desktop/virtual_environment/diablo_env_ros/build/diablo_env_ros/build/lib
[1.754s] creating /home/basanta-joshi/Desktop/virtual_environment/diablo_env_ros/build/diablo_env_ros/build/lib/diablo_env_ros
[1.754s] copying diablo_env_ros/__init__.py -> /home/basanta-joshi/Desktop/virtual_environment/diablo_env_ros/build/diablo_env_ros/build/lib/diablo_env_ros
[1.755s] running install
[1.764s] running install_lib
[1.787s] creating /home/basanta-joshi/Desktop/virtual_environment/diablo_env_ros/install/diablo_env_ros/lib/python3.12/site-packages/diablo_env_ros
[1.787s] copying /home/basanta-joshi/Desktop/virtual_environment/diablo_env_ros/build/diablo_env_ros/build/lib/diablo_env_ros/__init__.py -> /home/basanta-joshi/Desktop/virtual_environment/diablo_env_ros/install/diablo_env_ros/lib/python3.12/site-packages/diablo_env_ros
[1.787s] byte-compiling /home/basanta-joshi/Desktop/virtual_environment/diablo_env_ros/install/diablo_env_ros/lib/python3.12/site-packages/diablo_env_ros/__init__.py to __init__.cpython-312.pyc
[1.788s] running install_data
[1.788s] creating /home/basanta-joshi/Desktop/virtual_environment/diablo_env_ros/install/diablo_env_ros/share/ament_index
[1.788s] creating /home/basanta-joshi/Desktop/virtual_environment/diablo_env_ros/install/diablo_env_ros/share/ament_index/resource_index
[1.788s] creating /home/basanta-joshi/Desktop/virtual_environment/diablo_env_ros/install/diablo_env_ros/share/ament_index/resource_index/packages
[1.788s] copying resource/diablo_env_ros -> /home/basanta-joshi/Desktop/virtual_environment/diablo_env_ros/install/diablo_env_ros/share/ament_index/resource_index/packages
[1.788s] copying package.xml -> /home/basanta-joshi/Desktop/virtual_environment/diablo_env_ros/install/diablo_env_ros/share/diablo_env_ros
[1.788s] running install_egg_info
[1.819s] Copying ../../build/diablo_env_ros/diablo_env_ros.egg-info to /home/basanta-joshi/Desktop/virtual_environment/diablo_env_ros/install/diablo_env_ros/lib/python3.12/site-packages/diablo_env_ros-0.0.0-py3.12.egg-info
[1.820s] running install_scripts
[2.017s] writing list of installed files to '/home/basanta-joshi/Desktop/virtual_environment/diablo_env_ros/build/diablo_env_ros/install.log'
[2.066s] Invoked command in '/home/basanta-joshi/Desktop/virtual_environment/diablo_env_ros/src/diablo_env_ros' returned '0': DEBUGINFOD_URLS=https://debuginfod.ubuntu.com PYTHONPATH=/home/basanta-joshi/Desktop/virtual_environment/diablo_env_ros/build/diablo_env_ros/prefix_override:/usr/lib/python3/dist-packages/colcon_core/task/python/colcon_distutils_commands:/home/basanta-joshi/Desktop/virtual_environment/diablo_env_ros/install/diablo_env_ros/lib/python3.12/site-packages:${PYTHONPATH} VIRTUAL_ENV_PROMPT=(myenv) /usr/bin/python3 -W ignore:setup.py install is deprecated -W ignore:easy_install command is deprecated setup.py egg_info --egg-base ../../build/diablo_env_ros build --build-base /home/basanta-joshi/Desktop/virtual_environment/diablo_env_ros/build/diablo_env_ros/build install --record /home/basanta-joshi/Desktop/virtual_environment/diablo_env_ros/build/diablo_env_ros/install.log --single-version-externally-managed install_data
