/home/basanta-joshi/Desktop/virtual_environment/diablo_env_ros/install/diablo_env_ros/lib/python3.12/site-packages/diablo_env_ros/__init__.py
/home/basanta-joshi/Desktop/virtual_environment/diablo_env_ros/install/diablo_env_ros/lib/python3.12/site-packages/diablo_env_ros/__pycache__/__init__.cpython-312.pyc
/home/basanta-joshi/Desktop/virtual_environment/diablo_env_ros/install/diablo_env_ros/share/ament_index/resource_index/packages/diablo_env_ros
/home/basanta-joshi/Desktop/virtual_environment/diablo_env_ros/install/diablo_env_ros/share/diablo_env_ros/package.xml
/home/basanta-joshi/Desktop/virtual_environment/diablo_env_ros/install/diablo_env_ros/share/diablo_env_ros/launch/world.launch.py
/home/basanta-joshi/Desktop/virtual_environment/diablo_env_ros/install/diablo_env_ros/share/diablo_env_ros/launch/check_urdf.launch.py
/home/basanta-joshi/Desktop/virtual_environment/diablo_env_ros/install/diablo_env_ros/share/diablo_env_ros/urdf/robot_with_tower.urdf
/home/basanta-joshi/Desktop/virtual_environment/diablo_env_ros/install/diablo_env_ros/share/diablo_env_ros/urdf/robot.urdf
/home/basanta-joshi/Desktop/virtual_environment/diablo_env_ros/install/diablo_env_ros/share/diablo_env_ros/urdf/display.xacro
/home/basanta-joshi/Desktop/virtual_environment/diablo_env_ros/install/diablo_env_ros/share/diablo_env_ros/urdf/ros2control.xacro
/home/basanta-joshi/Desktop/virtual_environment/diablo_env_ros/install/diablo_env_ros/share/diablo_env_ros/urdf/description.xacro
/home/basanta-joshi/Desktop/virtual_environment/diablo_env_ros/install/diablo_env_ros/share/diablo_env_ros/urdf/materials.xacro
/home/basanta-joshi/Desktop/virtual_environment/diablo_env_ros/install/diablo_env_ros/share/diablo_env_ros/urdf/robot.xacro
/home/basanta-joshi/Desktop/virtual_environment/diablo_env_ros/install/diablo_env_ros/share/diablo_env_ros/urdf/robot.gazebo
/home/basanta-joshi/Desktop/virtual_environment/diablo_env_ros/install/diablo_env_ros/share/diablo_env_ros/meshes/left_leg_2.STL
/home/basanta-joshi/Desktop/virtual_environment/diablo_env_ros/install/diablo_env_ros/share/diablo_env_ros/meshes/left_leg_4.STL
/home/basanta-joshi/Desktop/virtual_environment/diablo_env_ros/install/diablo_env_ros/share/diablo_env_ros/meshes/left_leg_1.STL
/home/basanta-joshi/Desktop/virtual_environment/diablo_env_ros/install/diablo_env_ros/share/diablo_env_ros/meshes/right_leg_4.STL
/home/basanta-joshi/Desktop/virtual_environment/diablo_env_ros/install/diablo_env_ros/share/diablo_env_ros/meshes/right_leg_3.STL
/home/basanta-joshi/Desktop/virtual_environment/diablo_env_ros/install/diablo_env_ros/share/diablo_env_ros/meshes/right_leg_1.STL
/home/basanta-joshi/Desktop/virtual_environment/diablo_env_ros/install/diablo_env_ros/share/diablo_env_ros/meshes/left_leg_3.STL
/home/basanta-joshi/Desktop/virtual_environment/diablo_env_ros/install/diablo_env_ros/share/diablo_env_ros/meshes/base_link.STL
/home/basanta-joshi/Desktop/virtual_environment/diablo_env_ros/install/diablo_env_ros/share/diablo_env_ros/meshes/right_leg_2.STL
/home/basanta-joshi/Desktop/virtual_environment/diablo_env_ros/install/diablo_env_ros/share/diablo_env_ros/rviz/rviz.rviz
/home/basanta-joshi/Desktop/virtual_environment/diablo_env_ros/install/diablo_env_ros/share/diablo_env_ros/config
/home/basanta-joshi/Desktop/virtual_environment/diablo_env_ros/install/diablo_env_ros/share/diablo_env_ros/worlds/world.sdf
/home/basanta-joshi/Desktop/virtual_environment/diablo_env_ros/install/diablo_env_ros/lib/python3.12/site-packages/diablo_env_ros-0.0.1-py3.12.egg-info/PKG-INFO
/home/basanta-joshi/Desktop/virtual_environment/diablo_env_ros/install/diablo_env_ros/lib/python3.12/site-packages/diablo_env_ros-0.0.1-py3.12.egg-info/top_level.txt
/home/basanta-joshi/Desktop/virtual_environment/diablo_env_ros/install/diablo_env_ros/lib/python3.12/site-packages/diablo_env_ros-0.0.1-py3.12.egg-info/zip-safe
/home/basanta-joshi/Desktop/virtual_environment/diablo_env_ros/install/diablo_env_ros/lib/python3.12/site-packages/diablo_env_ros-0.0.1-py3.12.egg-info/dependency_links.txt
/home/basanta-joshi/Desktop/virtual_environment/diablo_env_ros/install/diablo_env_ros/lib/python3.12/site-packages/diablo_env_ros-0.0.1-py3.12.egg-info/requires.txt
/home/basanta-joshi/Desktop/virtual_environment/diablo_env_ros/install/diablo_env_ros/lib/python3.12/site-packages/diablo_env_ros-0.0.1-py3.12.egg-info/SOURCES.txt
