[1.179s] Invoking command in '/home/basanta-joshi/Desktop/virtual_environment/diablo_env_ros/src/diablo_env_ros': DEBUGINFOD_URLS=https://debuginfod.ubuntu.com PYTHONPATH=/home/basanta-joshi/Desktop/virtual_environment/diablo_env_ros/build/diablo_env_ros/prefix_override:/usr/lib/python3/dist-packages/colcon_core/task/python/colcon_distutils_commands:/home/basanta-joshi/Desktop/virtual_environment/diablo_env_ros/install/diablo_env_ros/lib/python3.12/site-packages:${PYTHONPATH} VIRTUAL_ENV_PROMPT=(myenv) /usr/bin/python3 -W ignore:setup.py install is deprecated -W ignore:easy_install command is deprecated setup.py egg_info --egg-base ../../build/diablo_env_ros build --build-base /home/basanta-joshi/Desktop/virtual_environment/diablo_env_ros/build/diablo_env_ros/build install --record /home/basanta-joshi/Desktop/virtual_environment/diablo_env_ros/build/diablo_env_ros/install.log --single-version-externally-managed install_data
[1.527s] running egg_info
[1.557s] writing ../../build/diablo_env_ros/diablo_env_ros.egg-info/PKG-INFO
[1.557s] writing dependency_links to ../../build/diablo_env_ros/diablo_env_ros.egg-info/dependency_links.txt
[1.557s] writing requirements to ../../build/diablo_env_ros/diablo_env_ros.egg-info/requires.txt
[1.557s] writing top-level names to ../../build/diablo_env_ros/diablo_env_ros.egg-info/top_level.txt
[1.600s] reading manifest file '../../build/diablo_env_ros/diablo_env_ros.egg-info/SOURCES.txt'
[1.601s] writing manifest file '../../build/diablo_env_ros/diablo_env_ros.egg-info/SOURCES.txt'
[1.601s] running build
[1.601s] running build_py
[1.602s] running install
[1.610s] running install_lib
[1.641s] running install_data
[1.641s] copying launch/check_urdf.launch.py -> /home/basanta-joshi/Desktop/virtual_environment/diablo_env_ros/install/diablo_env_ros/share/diablo_env_ros/launch
[1.642s] copying rviz/rviz.rviz -> /home/basanta-joshi/Desktop/virtual_environment/diablo_env_ros/install/diablo_env_ros/share/diablo_env_ros/rviz
[1.642s] running install_egg_info
[1.668s] removing '/home/basanta-joshi/Desktop/virtual_environment/diablo_env_ros/install/diablo_env_ros/lib/python3.12/site-packages/diablo_env_ros-0.0.1-py3.12.egg-info' (and everything under it)
[1.668s] Copying ../../build/diablo_env_ros/diablo_env_ros.egg-info to /home/basanta-joshi/Desktop/virtual_environment/diablo_env_ros/install/diablo_env_ros/lib/python3.12/site-packages/diablo_env_ros-0.0.1-py3.12.egg-info
[1.669s] running install_scripts
[1.853s] writing list of installed files to '/home/basanta-joshi/Desktop/virtual_environment/diablo_env_ros/build/diablo_env_ros/install.log'
[1.888s] Invoked command in '/home/basanta-joshi/Desktop/virtual_environment/diablo_env_ros/src/diablo_env_ros' returned '0': DEBUGINFOD_URLS=https://debuginfod.ubuntu.com PYTHONPATH=/home/basanta-joshi/Desktop/virtual_environment/diablo_env_ros/build/diablo_env_ros/prefix_override:/usr/lib/python3/dist-packages/colcon_core/task/python/colcon_distutils_commands:/home/basanta-joshi/Desktop/virtual_environment/diablo_env_ros/install/diablo_env_ros/lib/python3.12/site-packages:${PYTHONPATH} VIRTUAL_ENV_PROMPT=(myenv) /usr/bin/python3 -W ignore:setup.py install is deprecated -W ignore:easy_install command is deprecated setup.py egg_info --egg-base ../../build/diablo_env_ros build --build-base /home/basanta-joshi/Desktop/virtual_environment/diablo_env_ros/build/diablo_env_ros/build install --record /home/basanta-joshi/Desktop/virtual_environment/diablo_env_ros/build/diablo_env_ros/install.log --single-version-externally-managed install_data
